<?xml version="1.0" encoding="UTF-8"?>
<!-- Generated by org.testng.reporters.JUnitReportReporter -->
<testsuite hostname="LAPTOP-3N63N73N" failures="0" tests="1" name="Frame.Sample_Cross_Browser_9" time="28.209" errors="0" timestamp="2022-02-01T17:10:32 IST" skipped="0">
  <testcase classname="Frame.Sample_Cross_Browser_9" name="Login1" time="28.209"/>
  <system-out/>
</testsuite> <!-- Frame.Sample_Cross_Browser_9 -->
