<?xml version="1.0" encoding="UTF-8"?>
<!-- Generated by org.testng.reporters.JUnitReportReporter -->
<testsuite hostname="LAPTOP-3N63N73N" failures="0" tests="1" name="Frame.Working_with_POI_11" time="0.679" errors="0" timestamp="2022-02-03T17:35:47 IST" skipped="0">
  <testcase classname="Frame.Working_with_POI_11" name="POI" time="0.679"/>
  <system-out/>
</testsuite> <!-- Frame.Working_with_POI_11 -->
