<?xml version="1.0" encoding="UTF-8"?>
<!-- Generated by org.testng.reporters.JUnitReportReporter -->
<testsuite hostname="LAPTOP-3N63N73N" failures="0" tests="3" name="New.Neww" time="0.004" errors="0" timestamp="2022-01-27T17:17:39 IST" skipped="0">
  <testcase classname="New.Neww" name="div" time="0.001"/>
  <system-out/>
  <testcase classname="New.Neww" name="mul" time="0.001"/>
  <system-out/>
  <testcase classname="New.Neww" name="add" time="0.002"/>
  <system-out/>
</testsuite> <!-- New.Neww -->
