<?xml version="1.0" encoding="UTF-8"?>
<!-- Generated by org.testng.reporters.JUnitReportReporter -->
<testsuite hostname="LAPTOP-3N63N73N" failures="0" tests="1" name="Frame.Sample_working_with_Properties" time="0.014" errors="0" timestamp="2022-01-28T13:13:23 IST" skipped="0">
  <testcase classname="Frame.Sample_working_with_Properties" name="demo" time="0.014"/>
  <system-out/>
</testsuite> <!-- Frame.Sample_working_with_Properties -->
