<?xml version="1.0" encoding="UTF-8"?>
<!-- Generated by org.testng.reporters.JUnitReportReporter -->
<testsuite hostname="LAPTOP-3N63N73N" failures="0" tests="2" name="Frame.Sample_Data_provider_Multiple_5" time="18.705" errors="0" timestamp="2022-01-28T11:19:13 IST" skipped="0">
  <testcase classname="Frame.Sample_Data_provider_Multiple_5" name="Tests" time="9.904"/>
  <system-out/>
  <testcase classname="Frame.Sample_Data_provider_Multiple_5" name="Tests" time="8.801"/>
  <system-out/>
</testsuite> <!-- Frame.Sample_Data_provider_Multiple_5 -->
