<?xml version="1.0" encoding="UTF-8"?>
<!-- Generated by org.testng.reporters.JUnitReportReporter -->
<testsuite hostname="LAPTOP-3N63N73N" failures="0" tests="1" name="Exe.Add_to_cart" time="61.914" errors="0" timestamp="2022-02-01T15:37:46 IST" skipped="0">
  <testcase classname="Exe.Add_to_cart" name="Login1" time="61.914"/>
  <system-out/>
</testsuite> <!-- Exe.Add_to_cart -->
