<?xml version="1.0" encoding="UTF-8"?>
<!-- Generated by org.testng.reporters.JUnitReportReporter -->
<testsuite hostname="LAPTOP-3N63N73N" failures="0" tests="1" name="Frame.Sample_Data_provider" time="0.008" errors="0" timestamp="2022-01-28T10:39:58 IST" skipped="0">
  <testcase classname="Frame.Sample_Data_provider" name="Tests" time="0.008"/>
  <system-out/>
</testsuite> <!-- Frame.Sample_Data_provider -->
