<?xml version="1.0" encoding="UTF-8"?>
<!-- Generated by org.testng.reporters.JUnitReportReporter -->
<testsuite hostname="LAPTOP-3N63N73N" failures="0" tests="1" name="Frame.Work_with_exe_13" time="0.709" errors="0" timestamp="2022-02-04T10:37:28 IST" skipped="0">
  <testcase classname="Frame.Work_with_exe_13" name="AOI" time="0.709"/>
  <system-out/>
</testsuite> <!-- Frame.Work_with_exe_13 -->
