<?xml version="1.0" encoding="UTF-8"?>
<!-- Generated by org.testng.reporters.JUnitReportReporter -->
<testsuite hostname="LAPTOP-3N63N73N" failures="0" tests="1" name="Exe.Remove" time="63.454" errors="0" timestamp="2022-02-01T15:37:46 IST" skipped="0">
  <testcase classname="Exe.Remove" name="Login1" time="63.454"/>
  <system-out/>
</testsuite> <!-- Exe.Remove -->
