<?xml version="1.0" encoding="UTF-8"?>
<!-- Generated by org.testng.reporters.JUnitReportReporter -->
<testsuite hostname="LAPTOP-3N63N73N" failures="0" tests="4" name="Frame.Frame_15" time="47.372" errors="0" timestamp="2022-02-04T11:54:21 IST" skipped="0">
  <testcase classname="Frame.Frame_15" name="Login1" time="11.025"/>
  <system-out/>
  <testcase classname="Frame.Frame_15" name="Login1" time="9.465"/>
  <system-out/>
  <testcase classname="Frame.Frame_15" name="Login1" time="13.260"/>
  <system-out/>
  <testcase classname="Frame.Frame_15" name="Login1" time="13.622"/>
  <system-out/>
</testsuite> <!-- Frame.Frame_15 -->
