<?xml version="1.0" encoding="UTF-8"?>
<!-- Generated by org.testng.reporters.JUnitReportReporter -->
<testsuite hostname="LAPTOP-3N63N73N" failures="0" tests="1" name="Exe.Wishlist" time="41.692" errors="0" timestamp="2022-02-01T15:37:46 IST" skipped="0">
  <testcase classname="Exe.Wishlist" name="Login1" time="41.692"/>
  <system-out/>
</testsuite> <!-- Exe.Wishlist -->
