<?xml version="1.0" encoding="UTF-8"?>
<!-- Generated by org.testng.reporters.JUnitReportReporter -->
<testsuite hostname="LAPTOP-3N63N73N" failures="0" tests="1" name="Frame.Sample_Utility_Method" time="8.344" errors="0" timestamp="2022-01-28T16:08:37 IST" skipped="0">
  <testcase classname="Frame.Sample_Utility_Method" name="Tests" time="8.344"/>
  <system-out/>
</testsuite> <!-- Frame.Sample_Utility_Method -->
