<?xml version="1.0" encoding="UTF-8"?>
<!-- Generated by org.testng.reporters.JUnitReportReporter -->
<testsuite hostname="LAPTOP-3N63N73N" failures="0" tests="1" name="Frame.Sample_Utility_Sample_7" time="15.268" errors="0" timestamp="2022-01-28T17:05:58 IST" skipped="0">
  <testcase classname="Frame.Sample_Utility_Sample_7" name="Login1" time="15.268"/>
  <system-out/>
</testsuite> <!-- Frame.Sample_Utility_Sample_7 -->
