<?xml version="1.0" encoding="UTF-8"?>
<!-- Generated by org.testng.reporters.JUnitReportReporter -->
<testsuite hostname="LAPTOP-3N63N73N" failures="0" tests="1" name="Exe.Login" time="2.713" errors="0" timestamp="2022-02-03T10:48:05 IST" skipped="0">
  <testcase classname="Exe.Login" name="Login1" time="2.713"/>
  <system-out/>
</testsuite> <!-- Exe.Login -->
