<?xml version="1.0" encoding="UTF-8"?>
<!-- Generated by org.testng.reporters.JUnitReportReporter -->
<testsuite hostname="LAPTOP-3N63N73N" failures="0" tests="4" name="Frame.Login_Excel_14" time="32.761" errors="0" timestamp="2022-02-04T10:42:17 IST" skipped="0">
  <testcase classname="Frame.Login_Excel_14" name="Login1" time="8.738"/>
  <system-out/>
  <testcase classname="Frame.Login_Excel_14" name="Login1" time="8.202"/>
  <system-out/>
  <testcase classname="Frame.Login_Excel_14" name="Login1" time="8.214"/>
  <system-out/>
  <testcase classname="Frame.Login_Excel_14" name="Login1" time="7.607"/>
  <system-out/>
</testsuite> <!-- Frame.Login_Excel_14 -->
