<?xml version="1.0" encoding="UTF-8"?>
<!-- Generated by org.testng.reporters.JUnitReportReporter -->
<testsuite hostname="LAPTOP-3N63N73N" failures="0" tests="1" name="Frame.Working_With_Excel_12" time="0.740" errors="0" timestamp="2022-02-03T17:46:03 IST" skipped="0">
  <testcase classname="Frame.Working_With_Excel_12" name="POI" time="0.740"/>
  <system-out/>
</testsuite> <!-- Frame.Working_With_Excel_12 -->
